<?xml version="1.0" encoding="UTF-8"?>
<!-- Generated by org.testng.reporters.JUnitReportReporter -->
<testsuite hostname="APPYWONDERLAND" failures="0" tests="1" name="GaadiBazaar.SearchByBudget" time="17.029" errors="0" timestamp="2022-05-31T20:42:42 IST" skipped="0">
  <testcase classname="GaadiBazaar.SearchByBudget" name="searchGaadiBybudget" time="17.029"/>
  <system-out/>
</testsuite> <!-- GaadiBazaar.SearchByBudget -->
